error en la senal senales/01011529_PTO_COBE.txt
error en la senal senales/01011529_PTO_COBN.txt
error en la senal senales/01011529_PTO_COBZ.txt
error en la senal senales/01011529_PTO_COND.txt
error en la senal senales/01070450_PTO_MINN.txt
error en la senal senales/01080041_PTO_MINN.txt
error en la senal senales/01272027_PTO_MINE.txt
error en la senal senales/01282110_PTO_MINE.txt
error en la senal senales/02021412_PTO_MINN.txt
error en la senal senales/02031223_PTO_MINE.txt
error en la senal senales/02161014_PTO_ABLZ.txt
error en la senal senales/02161014_PTO_MINE.txt
error en la senal senales/02161014_PTO_MINN.txt
error en la senal senales/02161014_PTO_MINZ.txt
error en la senal senales/03181350_PTO_MINE.txt
error en la senal senales/03181350_PTO_MINZ.txt
error en la senal senales/04042112_PTO_ABLE.txt
error en la senal senales/04042112_PTO_ABLN.txt
error en la senal senales/04042112_PTO_ABLZ.txt
error en la senal senales/04042112_PTO_COBE.txt
error en la senal senales/04042112_PTO_COBN.txt
error en la senal senales/04042112_PTO_COBZ.txt
error en la senal senales/04042112_PTO_COCE.txt
error en la senal senales/04042112_PTO_COCN.txt
error en la senal senales/04042112_PTO_COCZ.txt
error en la senal senales/04042112_PTO_COND.txt
error en la senal senales/04042112_PTO_CURE.txt
error en la senal senales/04042112_PTO_CURN.txt
error en la senal senales/04042112_PTO_CURZ.txt
error en la senal senales/04042112_PTO_MINE.txt
error en la senal senales/04042112_PTO_MINN.txt
error en la senal senales/04042112_PTO_MINZ.txt
